[15 Apr 2020 14:16:13] Building database metadata model
[15 Apr 2020 14:16:13] Properties: {partialRefresh=false, processColumnsUsingSelect=, includePrimaryKeys=true, eventSocketClient=com.webratio.commons.net.EventSocketClient@daf4f1e, includeTables=true, username=root, outputLogPath=C:\WebRatio\WebRatio Platform 7.2.18.x64bit\workspace\tp11\.Temp~\DB.xml.log, readIndexes=null, driverClass=com.mysql.jdbc.Driver, includeSynonyms=true, metaDataProviderClass=com.webratio.commons.db.metadata.MySQLMetaDataProvider, outputPath=C:\WebRatio\WebRatio Platform 7.2.18.x64bit\workspace\tp11\.Temp~\DB.xml, schemaRegex=null, readProcedures=null, includeViews=true, derby.system.home=C:\WebRatio\WebRatio Platform 7.2.18.x64bit\workspace\.metadata\.plugins\com.webratio.commons.db\derby, url=jdbc:mysql://127.0.0.1:3306/spws, tableRegex=null, readSQLDefinitions=true, includeForeignKeys=false, retrieveAllNames=false, tablesToRefresh=, eventSocketPort=51833}
[15 Apr 2020 14:16:13] URL: jdbc:mysql://127.0.0.1:3306/spws
[15 Apr 2020 14:16:13] Product name: MySQL
[15 Apr 2020 14:16:13] Product version: 8.0.18
[15 Apr 2020 14:16:13] Driver name: MySQL Connector Java
[15 Apr 2020 14:16:13] Driver version: mysql-connector-java-5.1.47 ( Revision: fe1903b1ecb4a96a917f7ed3190d80c049b1de29 )
[15 Apr 2020 14:16:13] Driver major version: 5
[15 Apr 2020 14:16:13] Driver minor version: 1
[15 Apr 2020 14:16:13] Identifier quote string: 1
[15 Apr 2020 14:16:13] Retrieving schemas
[15 Apr 2020 14:16:13] Retrieving [TABLE, VIEW, SYNONYM] for schema ''
[15 Apr 2020 14:16:13]   Found 'group' [type = TABLE]
[15 Apr 2020 14:16:13]   Found 'group_module' [type = TABLE]
[15 Apr 2020 14:16:13]   Found 'historico_pedestre' [type = TABLE]
[15 Apr 2020 14:16:13]   Found 'historico_veiculos' [type = TABLE]
[15 Apr 2020 14:16:13]   Found 'module' [type = TABLE]
[15 Apr 2020 14:16:13]   Found 'passadeira' [type = TABLE]
[15 Apr 2020 14:16:13]   Found 'pedestre' [type = TABLE]
[15 Apr 2020 14:16:13]   Found 'user' [type = TABLE]
[15 Apr 2020 14:16:13]   Found 'user_group' [type = TABLE]
[15 Apr 2020 14:16:13]   Found 'veiculo' [type = TABLE]
[15 Apr 2020 14:16:13] Retrieving columns for 'group' [type = TABLE]
[15 Apr 2020 14:16:13]   Found column: oid [type = INT][SQL/XOPEN type = 4][size = 10][dec. digits = 0]
[15 Apr 2020 14:16:13]   Found column: groupname [type = VARCHAR][SQL/XOPEN type = 12][size = 255][dec. digits = 0]
[15 Apr 2020 14:16:13]   Found column: module_oid [type = INT][SQL/XOPEN type = 4][size = 10][dec. digits = 0]
[15 Apr 2020 14:16:13] Retrieving primary keys for 'group' [type = TABLE]
[15 Apr 2020 14:16:13]   Found primary key column: oid
[15 Apr 2020 14:16:13] Retrieving columns for 'group_module' [type = TABLE]
[15 Apr 2020 14:16:13]   Found column: group_oid [type = INT][SQL/XOPEN type = 4][size = 10][dec. digits = 0]
[15 Apr 2020 14:16:13]   Found column: module_oid [type = INT][SQL/XOPEN type = 4][size = 10][dec. digits = 0]
[15 Apr 2020 14:16:13] Retrieving primary keys for 'group_module' [type = TABLE]
[15 Apr 2020 14:16:13]   Found primary key column: group_oid
[15 Apr 2020 14:16:13]   Found primary key column: module_oid
[15 Apr 2020 14:16:13] Retrieving columns for 'historico_pedestre' [type = TABLE]
[15 Apr 2020 14:16:13]   Found column: oid [type = INT][SQL/XOPEN type = 4][size = 10][dec. digits = 0]
[15 Apr 2020 14:16:13]   Found column: data [type = DATETIME][SQL/XOPEN type = 93][size = 19][dec. digits = 0]
[15 Apr 2020 14:16:13]   Found column: distancia [type = DOUBLE][SQL/XOPEN type = 8][size = 22][dec. digits = 0]
[15 Apr 2020 14:16:13]   Found column: pedestre_oid [type = INT][SQL/XOPEN type = 4][size = 10][dec. digits = 0]
[15 Apr 2020 14:16:13]   Found column: passadeira_oid [type = INT][SQL/XOPEN type = 4][size = 10][dec. digits = 0]
[15 Apr 2020 14:16:13] Retrieving primary keys for 'historico_pedestre' [type = TABLE]
[15 Apr 2020 14:16:13]   Found primary key column: oid
[15 Apr 2020 14:16:13] Retrieving columns for 'historico_veiculos' [type = TABLE]
[15 Apr 2020 14:16:13]   Found column: oid [type = INT][SQL/XOPEN type = 4][size = 10][dec. digits = 0]
[15 Apr 2020 14:16:13]   Found column: data [type = DATETIME][SQL/XOPEN type = 93][size = 19][dec. digits = 0]
[15 Apr 2020 14:16:13]   Found column: distancia [type = DOUBLE][SQL/XOPEN type = 8][size = 22][dec. digits = 0]
[15 Apr 2020 14:16:13]   Found column: passadeira_oid [type = INT][SQL/XOPEN type = 4][size = 10][dec. digits = 0]
[15 Apr 2020 14:16:13]   Found column: veiculo_oid [type = INT][SQL/XOPEN type = 4][size = 10][dec. digits = 0]
[15 Apr 2020 14:16:13] Retrieving primary keys for 'historico_veiculos' [type = TABLE]
[15 Apr 2020 14:16:13]   Found primary key column: oid
[15 Apr 2020 14:16:13] Retrieving columns for 'module' [type = TABLE]
[15 Apr 2020 14:16:13]   Found column: oid [type = INT][SQL/XOPEN type = 4][size = 10][dec. digits = 0]
[15 Apr 2020 14:16:13]   Found column: moduleid [type = VARCHAR][SQL/XOPEN type = 12][size = 255][dec. digits = 0]
[15 Apr 2020 14:16:13]   Found column: modulename [type = VARCHAR][SQL/XOPEN type = 12][size = 255][dec. digits = 0]
[15 Apr 2020 14:16:13] Retrieving primary keys for 'module' [type = TABLE]
[15 Apr 2020 14:16:13]   Found primary key column: oid
[15 Apr 2020 14:16:13] Retrieving columns for 'passadeira' [type = TABLE]
[15 Apr 2020 14:16:13]   Found column: oid [type = INT][SQL/XOPEN type = 4][size = 10][dec. digits = 0]
[15 Apr 2020 14:16:13]   Found column: latitude [type = DOUBLE][SQL/XOPEN type = 8][size = 22][dec. digits = 0]
[15 Apr 2020 14:16:13]   Found column: longitude [type = DOUBLE][SQL/XOPEN type = 8][size = 22][dec. digits = 0]
[15 Apr 2020 14:16:13]   Found column: nrpedestres [type = INT][SQL/XOPEN type = 4][size = 10][dec. digits = 0]
[15 Apr 2020 14:16:13]   Found column: nrveiculos [type = INT][SQL/XOPEN type = 4][size = 10][dec. digits = 0]
[15 Apr 2020 14:16:13]   Found column: estado [type = VARCHAR][SQL/XOPEN type = 12][size = 255][dec. digits = 0]
[15 Apr 2020 14:16:13] Retrieving primary keys for 'passadeira' [type = TABLE]
[15 Apr 2020 14:16:13]   Found primary key column: oid
[15 Apr 2020 14:16:13] Retrieving columns for 'pedestre' [type = TABLE]
[15 Apr 2020 14:16:13]   Found column: oid [type = INT][SQL/XOPEN type = 4][size = 10][dec. digits = 0]
[15 Apr 2020 14:16:13]   Found column: latitude [type = DOUBLE][SQL/XOPEN type = 8][size = 22][dec. digits = 0]
[15 Apr 2020 14:16:13]   Found column: longitude [type = DOUBLE][SQL/XOPEN type = 8][size = 22][dec. digits = 0]
[15 Apr 2020 14:16:13]   Found column: user_oid [type = INT][SQL/XOPEN type = 4][size = 10][dec. digits = 0]
[15 Apr 2020 14:16:13] Retrieving primary keys for 'pedestre' [type = TABLE]
[15 Apr 2020 14:16:13]   Found primary key column: oid
[15 Apr 2020 14:16:13] Retrieving columns for 'user' [type = TABLE]
[15 Apr 2020 14:16:13]   Found column: oid [type = INT][SQL/XOPEN type = 4][size = 10][dec. digits = 0]
[15 Apr 2020 14:16:13]   Found column: username [type = VARCHAR][SQL/XOPEN type = 12][size = 255][dec. digits = 0]
[15 Apr 2020 14:16:13]   Found column: password [type = VARCHAR][SQL/XOPEN type = 12][size = 255][dec. digits = 0]
[15 Apr 2020 14:16:13]   Found column: email [type = VARCHAR][SQL/XOPEN type = 12][size = 255][dec. digits = 0]
[15 Apr 2020 14:16:13]   Found column: group_oid [type = INT][SQL/XOPEN type = 4][size = 10][dec. digits = 0]
[15 Apr 2020 14:16:13] Retrieving primary keys for 'user' [type = TABLE]
[15 Apr 2020 14:16:13]   Found primary key column: oid
[15 Apr 2020 14:16:13] Retrieving columns for 'user_group' [type = TABLE]
[15 Apr 2020 14:16:13]   Found column: user_oid [type = INT][SQL/XOPEN type = 4][size = 10][dec. digits = 0]
[15 Apr 2020 14:16:13]   Found column: group_oid [type = INT][SQL/XOPEN type = 4][size = 10][dec. digits = 0]
[15 Apr 2020 14:16:13] Retrieving primary keys for 'user_group' [type = TABLE]
[15 Apr 2020 14:16:13]   Found primary key column: user_oid
[15 Apr 2020 14:16:13]   Found primary key column: group_oid
[15 Apr 2020 14:16:13] Retrieving columns for 'veiculo' [type = TABLE]
[15 Apr 2020 14:16:13]   Found column: oid [type = INT][SQL/XOPEN type = 4][size = 10][dec. digits = 0]
[15 Apr 2020 14:16:13]   Found column: latitude [type = DOUBLE][SQL/XOPEN type = 8][size = 22][dec. digits = 0]
[15 Apr 2020 14:16:13]   Found column: longitude [type = DOUBLE][SQL/XOPEN type = 8][size = 22][dec. digits = 0]
[15 Apr 2020 14:16:13]   Found column: user_oid [type = INT][SQL/XOPEN type = 4][size = 10][dec. digits = 0]
[15 Apr 2020 14:16:13] Retrieving primary keys for 'veiculo' [type = TABLE]
[15 Apr 2020 14:16:13]   Found primary key column: oid
[15 Apr 2020 14:16:13] Database metadata retrieved (95 ms)
[15 Apr 2020 14:16:13] Retrieving auto-increment columns for 'group' [type = TABLE]
[15 Apr 2020 14:16:13] Retrieving auto-increment columns for 'group_module' [type = TABLE]
[15 Apr 2020 14:16:13] Retrieving auto-increment columns for 'historico_pedestre' [type = TABLE]
[15 Apr 2020 14:16:13]   Found auto-increment column: oid
[15 Apr 2020 14:16:13] Retrieving auto-increment columns for 'historico_veiculos' [type = TABLE]
[15 Apr 2020 14:16:13]   Found auto-increment column: oid
[15 Apr 2020 14:16:13] Retrieving auto-increment columns for 'module' [type = TABLE]
[15 Apr 2020 14:16:13] Retrieving auto-increment columns for 'passadeira' [type = TABLE]
[15 Apr 2020 14:16:13] Retrieving auto-increment columns for 'pedestre' [type = TABLE]
[15 Apr 2020 14:16:13] Retrieving auto-increment columns for 'user' [type = TABLE]
[15 Apr 2020 14:16:13] Retrieving auto-increment columns for 'user_group' [type = TABLE]
[15 Apr 2020 14:16:13] Retrieving auto-increment columns for 'veiculo' [type = TABLE]
[15 Apr 2020 14:16:13] Database connection closed
