[14 Apr 2020 19:53:51] DEBUG Executing SQL script
[14 Apr 2020 19:53:51] INFO ================================================================================
[14 Apr 2020 19:53:51] INFO onError= 'stop'
[14 Apr 2020 19:53:51] INFO autoCommit= 'false'
[14 Apr 2020 19:53:51] INFO username= 'root'
[14 Apr 2020 19:53:51] INFO outputPath= 'C:\WebRatio\WebRatio Platform 7.2.18.x64bit\workspace\tp11\.Temp~\UpdateSQL.xml'
[14 Apr 2020 19:53:51] INFO outputLogPath= 'C:\WebRatio\WebRatio Platform 7.2.18.x64bit\workspace\tp11\.Temp~\UpdateSQL.xml.log'
[14 Apr 2020 19:53:51] INFO encoding= ''
[14 Apr 2020 19:53:51] INFO driverClass= 'com.mysql.jdbc.Driver'
[14 Apr 2020 19:53:51] INFO sqlScript= 'C:\WebRatio\WebRatio Platform 7.2.18.x64bit\workspace\tp11\.Temp~\UpdateSQL.sql'
[14 Apr 2020 19:53:51] INFO eventSocketPort= '51127'
[14 Apr 2020 19:53:51] INFO statementSeparator= ';'
[14 Apr 2020 19:53:51] INFO derby.system.home= 'C:\WebRatio\WebRatio Platform 7.2.18.x64bit\workspace\.metadata\.plugins\com.webratio.commons.db\derby'
[14 Apr 2020 19:53:51] INFO password= 'root'
[14 Apr 2020 19:53:51] INFO url= 'jdbc:mysql://127.0.0.1:3306/spws'
[14 Apr 2020 19:53:51] INFO ================================================================================
[14 Apr 2020 19:53:51] INFO Connecting to the Database...
[14 Apr 2020 19:53:51] INFO Database connection estabilished
[14 Apr 2020 19:53:51] INFO transaction isolation: 4
[14 Apr 2020 19:53:51] DEBUG ================================================================================
[14 Apr 2020 19:53:51] DEBUG Executing SQL script file: C:\WebRatio\WebRatio Platform 7.2.18.x64bit\workspace\tp11\.Temp~\UpdateSQL.sql
[14 Apr 2020 19:53:51] DEBUG Executing statement:  create table `group` ( `oid`  integer  not null, `groupname`  varchar(255), primary key (`oid`) ) ENGINE=InnoDB
[14 Apr 2020 19:53:51] DEBUG Executing statement:    create table `module` ( `oid`  integer  not null, `moduleid`  varchar(255), `modulename`  varchar(255), primary key (`oid`) ) ENGINE=InnoDB
[14 Apr 2020 19:53:51] DEBUG Executing statement:    create table `user` ( `oid`  integer  not null, `username`  varchar(255), `password`  varchar(255), `email`  varchar(255), primary key (`oid`) ) ENGINE=InnoDB
[14 Apr 2020 19:53:52] DEBUG Executing statement:    create table `pedestre` ( `oid`  integer  not null, `latitude`  double precision, `longitude`  double precision, primary key (`oid`) ) ENGINE=InnoDB
[14 Apr 2020 19:53:52] DEBUG Executing statement:    create table `passadeira` ( `oid`  integer  not null, `latitude`  double precision, `longitude`  double precision, `nrpedestres`  integer, `nrveiculos`  integer, `estado`  varchar(255), primary key (`oid`) ) ENGINE=InnoDB
[14 Apr 2020 19:53:52] DEBUG Executing statement:    create table `veiculo` ( `oid`  integer  not null, `latitude`  double precision, `longitude`  double precision, primary key (`oid`) ) ENGINE=InnoDB
[14 Apr 2020 19:53:52] DEBUG Executing statement:    create table `historico_pedestre` ( `oid`  integer  not null, `data`  datetime, `distancia`  double precision, primary key (`oid`) ) ENGINE=InnoDB
[14 Apr 2020 19:53:52] DEBUG Executing statement:    create table `historico_veiculos` ( `oid`  integer  not null, `data`  datetime, `distancia`  double precision, primary key (`oid`) ) ENGINE=InnoDB
[14 Apr 2020 19:53:52] DEBUG Executing statement:    alter table `group`  add column  `module_oid`  integer
[14 Apr 2020 19:53:52] DEBUG Executing statement:  alter table `group`   add index fk_group_module (`module_oid`), add constraint fk_group_module foreign key (`module_oid`) references `module` (`oid`)
[14 Apr 2020 19:53:52] DEBUG Executing statement:    create table `group_module` ( `group_oid`  integer not null, `module_oid`  integer not null, primary key (`group_oid`, `module_oid`) ) ENGINE=InnoDB
[14 Apr 2020 19:53:52] DEBUG Executing statement:  alter table `group_module`   add index fk_group_module_group (`group_oid`), add constraint fk_group_module_group foreign key (`group_oid`) references `group` (`oid`)
[14 Apr 2020 19:53:52] DEBUG Executing statement:  alter table `group_module`   add index fk_group_module_module (`module_oid`), add constraint fk_group_module_module foreign key (`module_oid`) references `module` (`oid`)
[14 Apr 2020 19:53:52] DEBUG Executing statement:    alter table `user`  add column  `group_oid`  integer
[14 Apr 2020 19:53:52] DEBUG Executing statement:  alter table `user`   add index fk_user_group (`group_oid`), add constraint fk_user_group foreign key (`group_oid`) references `group` (`oid`)
[14 Apr 2020 19:53:52] DEBUG Executing statement:    create table `user_group` ( `user_oid`  integer not null, `group_oid`  integer not null, primary key (`user_oid`, `group_oid`) ) ENGINE=InnoDB
[14 Apr 2020 19:53:52] DEBUG Executing statement:  alter table `user_group`   add index fk_user_group_user (`user_oid`), add constraint fk_user_group_user foreign key (`user_oid`) references `user` (`oid`)
[14 Apr 2020 19:53:52] DEBUG Executing statement:  alter table `user_group`   add index fk_user_group_group (`group_oid`), add constraint fk_user_group_group foreign key (`group_oid`) references `group` (`oid`)
[14 Apr 2020 19:53:53] DEBUG Executing statement:    alter table `historico_pedestre`  add column  `pedestre_oid`  integer
[14 Apr 2020 19:53:53] DEBUG Executing statement:  alter table `historico_pedestre`   add index fk_historico_pedestre_pedestre (`pedestre_oid`), add constraint fk_historico_pedestre_pedestre foreign key (`pedestre_oid`) references `pedestre` (`oid`)
[14 Apr 2020 19:53:53] DEBUG Executing statement:    alter table `historico_pedestre`  add column  `passadeira_oid`  integer
[14 Apr 2020 19:53:53] DEBUG Executing statement:  alter table `historico_pedestre`   add index fk_historico_pedestre_passadei (`passadeira_oid`), add constraint fk_historico_pedestre_passadei foreign key (`passadeira_oid`) references `passadeira` (`oid`)
[14 Apr 2020 19:53:53] DEBUG Executing statement:    alter table `historico_veiculos`  add column  `passadeira_oid`  integer
[14 Apr 2020 19:53:53] DEBUG Executing statement:  alter table `historico_veiculos`   add index fk_historico_veiculos_passadei (`passadeira_oid`), add constraint fk_historico_veiculos_passadei foreign key (`passadeira_oid`) references `passadeira` (`oid`)
[14 Apr 2020 19:53:53] DEBUG Executing statement:    alter table `historico_veiculos`  add column  `veiculo_oid`  integer
[14 Apr 2020 19:53:53] DEBUG Executing statement:  alter table `historico_veiculos`   add index fk_historico_veiculos_veiculo (`veiculo_oid`), add constraint fk_historico_veiculos_veiculo foreign key (`veiculo_oid`) references `veiculo` (`oid`)
[14 Apr 2020 19:53:53] DEBUG Executing statement:    alter table `pedestre`  add column  `user_oid`  integer
[14 Apr 2020 19:53:53] DEBUG Executing statement:  alter table `pedestre`   add index fk_pedestre_user (`user_oid`), add constraint fk_pedestre_user foreign key (`user_oid`) references `user` (`oid`)
[14 Apr 2020 19:53:53] DEBUG Executing statement:    alter table `veiculo`  add column  `user_oid`  integer
[14 Apr 2020 19:53:53] DEBUG Executing statement:  alter table `veiculo`   add index fk_veiculo_user (`user_oid`), add constraint fk_veiculo_user foreign key (`user_oid`) references `user` (`oid`)
[14 Apr 2020 19:53:53] DEBUG ================================================================================
[14 Apr 2020 19:53:53] DEBUG SQL SCRIPT SUCCESSFULLY EXECUTED
[14 Apr 2020 19:53:53] INFO Database connection closed
[14 Apr 2020 19:53:53] DEBUG Total time: 2689 milliseconds
